Using pre-set license
Built from '2022.3/china_unity/release' branch; Version is '2022.3.59f1c1 (6f0f5d6fe989) revision 7278429'; Using compiler version '192829333'; Build Type 'Release'
OS: 'Windows 10  (10.0.19045) 64bit Professional' Language: 'zh' Physical Memory: 32606 MB
BatchMode: 1, IsHumanControllingUs: 0, StartBugReporterOnCrash: 0, Is64bit: 1, IsPro: 1

COMMAND LINE ARGUMENTS:
D:\utils\editor\2022.3.59f1c1\Editor\Unity.exe
-adb2
-batchMode
-noUpm
-name
AssetImportWorker4
-projectPath
D:/blog/unityproject/Tank
-logFile
Logs/AssetImportWorker4.log
-srvPort
58305
Successfully changed project path to: D:/blog/unityproject/Tank
D:/blog/unityproject/Tank
[UnityMemory] Configuration Parameters - Can be set up in boot.config
    "memorysetup-bucket-allocator-granularity=16"
    "memorysetup-bucket-allocator-bucket-count=8"
    "memorysetup-bucket-allocator-block-size=33554432"
    "memorysetup-bucket-allocator-block-count=8"
    "memorysetup-main-allocator-block-size=16777216"
    "memorysetup-thread-allocator-block-size=16777216"
    "memorysetup-gfx-main-allocator-block-size=16777216"
    "memorysetup-gfx-thread-allocator-block-size=16777216"
    "memorysetup-cache-allocator-block-size=4194304"
    "memorysetup-typetree-allocator-block-size=2097152"
    "memorysetup-profiler-bucket-allocator-granularity=16"
    "memorysetup-profiler-bucket-allocator-bucket-count=8"
    "memorysetup-profiler-bucket-allocator-block-size=33554432"
    "memorysetup-profiler-bucket-allocator-block-count=8"
    "memorysetup-profiler-allocator-block-size=16777216"
    "memorysetup-profiler-editor-allocator-block-size=1048576"
    "memorysetup-temp-allocator-size-main=16777216"
    "memorysetup-job-temp-allocator-block-size=2097152"
    "memorysetup-job-temp-allocator-block-size-background=1048576"
    "memorysetup-job-temp-allocator-reduction-small-platforms=262144"
    "memorysetup-allocator-temp-initial-block-size-main=262144"
    "memorysetup-allocator-temp-initial-block-size-worker=262144"
    "memorysetup-temp-allocator-size-background-worker=32768"
    "memorysetup-temp-allocator-size-job-worker=262144"
    "memorysetup-temp-allocator-size-preload-manager=33554432"
    "memorysetup-temp-allocator-size-nav-mesh-worker=65536"
    "memorysetup-temp-allocator-size-audio-worker=65536"
    "memorysetup-temp-allocator-size-cloud-worker=32768"
    "memorysetup-temp-allocator-size-gi-baking-worker=262144"
    "memorysetup-temp-allocator-size-gfx=262144"
Player connection [22876]  Target information:

Player connection [22876]  * "[IP] 192.168.110.6 [Port] 0 [Flags] 2 [Guid] 1833743416 [EditorId] 1833743416 [Version] 1048832 [Id] WindowsEditor(7,DESKTOP-T0M8BGK) [Debug] 1 [PackageName] WindowsEditor [ProjectName] Editor" 

Player connection [22876] Host joined multi-casting on [225.0.0.222:54997]...
Player connection [22876] Host joined alternative multi-casting on [225.0.0.222:34997]...
received signal from system: SIGSEGV
Obtained 27 stack frames
0x00007ff79987a1ed (Unity) 
0x00007ff79987f2c9 (Unity) 
0x00007ff79a874911 (Unity) 
0x00007ff79987e6e6 (Unity) 
0x00007ff799879a1c (Unity) 
0x00007ff79bca52f4 (Unity) 
0x00007ff79bd6bd30 (Unity) 
0x00007ff79bc6e080 (Unity) 
0x00007ff822fd28bf (ntdll) 
0x00007ff822f82554 (ntdll) 
0x00007ff822fd13ce (ntdll) 
0x00007ff79907295a (Unity) 
0x00007ff79906d8b0 (Unity) 
0x00007ff79906c3e8 (Unity) 
0x00007ff79906cb01 (Unity) 
0x00007ff79906bcad (Unity) 
0x00007ff7995dcd98 (Unity) 
0x00007ff7993aceea (Unity) 
0x00007ff7993a8b36 (Unity) 
0x00007ff7993a961c (Unity) 
0x00007ff7993a7fc1 (Unity) 
0x00007ff7993fb56f (Unity) 
0x00007ff79a3e8095 (Unity) 
0x00007ff79a87f5c5 (Unity) 
0x00007ff79bc4b9ee (Unity) 
0x00007ff8215e7374 (KERNEL32) 
0x00007ff822f7cc91 (ntdll) 

