Using pre-set license
Built from '2022.3/china_unity/release' branch; Version is '2022.3.59f1c1 (6f0f5d6fe989) revision 7278429'; Using compiler version '192829333'; Build Type 'Release'
OS: 'Windows 10  (10.0.19045) 64bit Professional' Language: 'zh' Physical Memory: 32606 MB
BatchMode: 1, IsHumanControllingUs: 0, StartBugReporterOnCrash: 0, Is64bit: 1, IsPro: 1

COMMAND LINE ARGUMENTS:
D:\utils\editor\2022.3.59f1c1\Editor\Unity.exe
-adb2
-batchMode
-noUpm
-name
AssetImportWorker5
-projectPath
D:/blog/unityproject/Tank
-logFile
Logs/AssetImportWorker5.log
-srvPort
58305
Successfully changed project path to: D:/blog/unityproject/Tank
D:/blog/unityproject/Tank
[UnityMemory] Configuration Parameters - Can be set up in boot.config
    "memorysetup-bucket-allocator-granularity=16"
    "memorysetup-bucket-allocator-bucket-count=8"
    "memorysetup-bucket-allocator-block-size=33554432"
    "memorysetup-bucket-allocator-block-count=8"
    "memorysetup-main-allocator-block-size=16777216"
    "memorysetup-thread-allocator-block-size=16777216"
    "memorysetup-gfx-main-allocator-block-size=16777216"
    "memorysetup-gfx-thread-allocator-block-size=16777216"
    "memorysetup-cache-allocator-block-size=4194304"
    "memorysetup-typetree-allocator-block-size=2097152"
    "memorysetup-profiler-bucket-allocator-granularity=16"
    "memorysetup-profiler-bucket-allocator-bucket-count=8"
    "memorysetup-profiler-bucket-allocator-block-size=33554432"
    "memorysetup-profiler-bucket-allocator-block-count=8"
    "memorysetup-profiler-allocator-block-size=16777216"
    "memorysetup-profiler-editor-allocator-block-size=1048576"
    "memorysetup-temp-allocator-size-main=16777216"
    "memorysetup-job-temp-allocator-block-size=2097152"
    "memorysetup-job-temp-allocator-block-size-background=1048576"
    "memorysetup-job-temp-allocator-reduction-small-platforms=262144"
    "memorysetup-allocator-temp-initial-block-size-main=262144"
    "memorysetup-allocator-temp-initial-block-size-worker=262144"
    "memorysetup-temp-allocator-size-background-worker=32768"
    "memorysetup-temp-allocator-size-job-worker=262144"
    "memorysetup-temp-allocator-size-preload-manager=33554432"
    "memorysetup-temp-allocator-size-nav-mesh-worker=65536"
    "memorysetup-temp-allocator-size-audio-worker=65536"
    "memorysetup-temp-allocator-size-cloud-worker=32768"
    "memorysetup-temp-allocator-size-gi-baking-worker=262144"
    "memorysetup-temp-allocator-size-gfx=262144"
Player connection [9532]  Target information:

Player connection [9532]  * "[IP] 192.168.110.6 [Port] 0 [Flags] 2 [Guid] 4090242364 [EditorId] 4090242364 [Version] 1048832 [Id] WindowsEditor(7,DESKTOP-T0M8BGK) [Debug] 1 [PackageName] WindowsEditor [ProjectName] Editor" 

Player connection [9532] Host joined multi-casting on [225.0.0.222:54997]...
Player connection [9532] Host joined alternative multi-casting on [225.0.0.222:34997]...
Input System module state changed to: Initialized.
[PhysX] Initialized MultithreadedTaskDispatcher with 28 workers.
FMOD failed to initialize the output device.: "Not enough memory or resources. " (43)
Forced to initialize FMOD to to the device driver's system output rate 48000, this may impact performance and/or give inconsistent experiences compared to selected sample rate 48000
FMOD failed to initialize the output device.: "Not enough memory or resources. " (43)
FMOD failed to initialize the output device.: "Not enough memory or resources. " (43)
Unable to initalize any audio device (even FMOD nosound device), please check your audio drivers and/or hardware for malfunction
Fatal Error! Unable to initalize any audio device (even FMOD nosound device), please check your audio drivers and/or hardware for malfunction
Crash!!!
SymInit: Symbol-SearchPath: 'D:/utils/editor/2022.3.59f1c1/Editor/Data/Mono;.;D:\blog\unityproject\Tank;D:\blog\unityproject\Tank\Library\BurstCache\JIT;D:\utils\editor\2022.3.59f1c1\Editor;C:\Windows;C:\Windows\system32;', symOptions: 534, UserName: 'Administrator'
OS-Version: 10.0.0
D:\utils\editor\2022.3.59f1c1\Editor\Unity.exe:Unity.exe (00007FF798680000), size: 90525696 (result: 0), SymType: '-deferred-', PDB: '', fileVersion: 2022.3.59.3933
C:\Windows\SYSTEM32\ntdll.dll:ntdll.dll (00007FF822F30000), size: 2064384 (result: 0), SymType: '-deferred-', PDB: '', fileVersion: 10.0.19041.6093
C:\Windows\System32\KERNEL32.DLL:KERNEL32.DLL (00007FF8215D0000), size: 794624 (result: 0), SymType: '-deferred-', PDB: '', fileVersion: 10.0.19041.5915
C:\Windows\System32\KERNELBASE.dll:KERNELBASE.dll (00007FF820C50000), size: 3104768 (result: 0), SymType: '-deferred-', PDB: '', fileVersion: 10.0.19041.6033
C:\Windows\System32\CRYPT32.dll:CRYPT32.dll (00007FF820A00000), size: 1429504 (result: 0), SymType: '-deferred-', PDB: '', fileVersion: 10.0.19041.5794
C:\Windows\System32\ucrtbase.dll:ucrtbase.dll (00007FF8207F0000), size: 1048576 (result: 0), SymType: '-deferred-', PDB: '', fileVersion: 10.0.19041.3636
C:\Windows\System32\USER32.dll:USER32.dll (00007FF8216A0000), size: 1691648 (result: 0), SymType: '-deferred-', PDB: '', fileVersion: 10.0.19041.5737
D:\utils\editor\2022.3.59f1c1\Editor\libfbxsdk.dll:libfbxsdk.dll (00007FFFA6F80000), size: 8019968 (result: 0), SymType: '-deferred-', PDB: '', fileVersion: 2020.3.7.0
D:\utils\editor\2022.3.59f1c1\Editor\s3tcompress.dll:s3tcompress.dll (00007FF80FB70000), size: 180224 (result: 0), SymType: '-deferred-', PDB: ''
D:\utils\editor\2022.3.59f1c1\Editor\etccompress.dll:etccompress.dll (00007FFFA6AA0000), size: 5070848 (result: 0), SymType: '-deferred-', PDB: ''
C:\Windows\System32\win32u.dll:win32u.dll (00007FF8206A0000), size: 139264 (result: 0), SymType: '-deferred-', PDB: '', fileVersion: 10.0.19041.6093
D:\utils\editor\2022.3.59f1c1\Editor\ispc_texcomp.dll:ispc_texcomp.dll (00007FFFDBB60000), size: 1826816 (result: 0), SymType: '-deferred-', PDB: ''
C:\Windows\System32\ADVAPI32.dll:ADVAPI32.dll (00007FF822020000), size: 724992 (result: 0), SymType: '-deferred-', PDB: '', fileVersion: 10.0.19041.6093
D:\utils\editor\2022.3.59f1c1\Editor\compress_bc7e.dll:compress_bc7e.dll (00007FFFDB400000), size: 1433600 (result: 0), SymType: '-deferred-', PDB: ''
C:\Windows\System32\GDI32.dll:GDI32.dll (00007FF822100000), size: 176128 (result: 0), SymType: '-deferred-', PDB: '', fileVersion: 10.0.19041.5737
D:\utils\editor\2022.3.59f1c1\Editor\FreeImage.dll:FreeImage.dll (0000000180000000), size: 5783552 (result: 0), SymType: '-deferred-', PDB: '', fileVersion: 3.18.0.0
C:\Windows\System32\WS2_32.dll:WS2_32.dll (00007FF821B20000), size: 438272 (result: 0), SymType: '-deferred-', PDB: '', fileVersion: 10.0.19041.3636
C:\Windows\System32\msvcrt.dll:msvcrt.dll (00007FF821A80000), size: 647168 (result: 0), SymType: '-deferred-', PDB: '', fileVersion: 7.0.19041.3636
C:\Windows\System32\gdi32full.dll:gdi32full.dll (00007FF8206D0000), size: 1150976 (result: 0), SymType: '-deferred-', PDB: '', fileVersion: 10.0.19041.6093
D:\utils\editor\2022.3.59f1c1\Editor\WinPixEventRuntime.dll:WinPixEventRuntime.dll (00007FF810CD0000), size: 45056 (result: 0), SymType: '-deferred-', PDB: '', fileVersion: 1.0.1812.6001
C:\Windows\System32\RPCRT4.dll:RPCRT4.dll (00007FF821EF0000), size: 1191936 (result: 0), SymType: '-deferred-', PDB: '', fileVersion: 10.0.19041.5915
C:\Windows\System32\msvcp_win.dll:msvcp_win.dll (00007FF820BB0000), size: 643072 (result: 0), SymType: '-deferred-', PDB: '', fileVersion: 10.0.19041.3636
C:\Windows\System32\sechost.dll:sechost.dll (00007FF8228A0000), size: 651264 (result: 0), SymType: '-deferred-', PDB: '', fileVersion: 10.0.19041.5915
D:\utils\editor\2022.3.59f1c1\Editor\umbraoptimizer64.dll:umbraoptimizer64.dll (00007FFFDB2D0000), size: 1187840 (result: 0), SymType: '-deferred-', PDB: ''
C:\Windows\System32\bcrypt.dll:bcrypt.dll (00007FF8205C0000), size: 159744 (result: 0), SymType: '-deferred-', PDB: '', fileVersion: 10.0.19041.5369
C:\Windows\System32\SHELL32.dll:SHELL32.dll (00007FF822130000), size: 7790592 (result: 0), SymType: '-deferred-', PDB: '', fileVersion: 10.0.19041.6033
C:\Windows\System32\SHLWAPI.dll:SHLWAPI.dll (00007FF822D50000), size: 372736 (result: 0), SymType: '-deferred-', PDB: '', fileVersion: 10.0.19041.5915
C:\Windows\System32\ole32.dll:ole32.dll (00007FF821410000), size: 1224704 (result: 8), SymType: '-unknown-', PDB: '', fileVersion: 10.0.19041.5915
C:\Windows\SYSTEM32\MSVCP140.dll:MSVCP140.dll (00007FF80E070000), size: 561152 (result: 8), SymType: '-unknown-', PDB: '', fileVersion: 14.44.35211.0
C:\Windows\SYSTEM32\VCRUNTIME140_1.dll:VCRUNTIME140_1.dll (00007FF80E190000), size: 49152 (result: 8), SymType: '-unknown-', PDB: '', fileVersion: 14.44.35211.0
C:\Windows\System32\combase.dll:combase.dll (00007FF821B90000), size: 3485696 (result: 8), SymType: '-unknown-', PDB: '', fileVersion: 10.0.19041.6093
C:\Windows\SYSTEM32\VCRUNTIME140.dll:VCRUNTIME140.dll (00007FF80E5D0000), size: 122880 (result: 8), SymType: '-unknown-', PDB: '', fileVersion: 14.44.35211.0
C:\Windows\System32\IMM32.dll:IMM32.dll (00007FF820F50000), size: 192512 (result: 0), SymType: '-deferred-', PDB: '', fileVersion: 10.0.19041.5737
C:\Windows\System32\SETUPAPI.dll:SETUPAPI.dll (00007FF820FA0000), size: 4653056 (result: 0), SymType: '-deferred-', PDB: '', fileVersion: 10.0.19041.5794
C:\Windows\System32\cfgmgr32.dll:cfgmgr32.dll (00007FF820B60000), size: 319488 (result: 0), SymType: '-deferred-', PDB: '', fileVersion: 10.0.19041.3996
C:\Windows\SYSTEM32\GLU32.dll:GLU32.dll (00007FFFF5D60000), size: 180224 (result: 0), SymType: '-deferred-', PDB: '', fileVersion: 10.0.19041.3636
C:\Windows\SYSTEM32\OPENGL32.dll:OPENGL32.dll (00007FFFCF570000), size: 1212416 (result: 0), SymType: '-deferred-', PDB: '', fileVersion: 10.0.19041.5794
C:\Windows\System32\OLEAUT32.dll:OLEAUT32.dll (00007FF822AC0000), size: 839680 (result: 0), SymType: '-deferred-', PDB: '', fileVersion: 10.0.19041.3636
C:\Windows\SYSTEM32\IPHLPAPI.DLL:IPHLPAPI.DLL (00007FF81F9E0000), size: 241664 (result: 0), SymType: '-deferred-', PDB: '', fileVersion: 10.0.19041.3636
C:\Windows\System32\WINTRUST.dll:WINTRUST.dll (00007FF8208F0000), size: 471040 (result: 0), SymType: '-deferred-', PDB: '', fileVersion: 10.0.19041.5965
C:\Windows\SYSTEM32\WINHTTP.dll:WINHTTP.dll (00007FF81A540000), size: 1089536 (result: 0), SymType: '-deferred-', PDB: '', fileVersion: 10.0.19041.5794
C:\Windows\SYSTEM32\WINMM.dll:WINMM.dll (00007FF817A60000), size: 159744 (result: 0), SymType: '-deferred-', PDB: '', fileVersion: 10.0.19041.3636
C:\Windows\SYSTEM32\HID.DLL:HID.DLL (00007FF81EE10000), size: 53248 (result: 0), SymType: '-deferred-', PDB: '', fileVersion: 10.0.19041.3636
D:\utils\editor\2022.3.59f1c1\Editor\SketchUpAPI.dll:SketchUpAPI.dll (00007FFFA56E0000), size: 8990720 (result: 0), SymType: '-deferred-', PDB: '', fileVersion: 23.0.0.0
C:\Windows\SYSTEM32\dwmapi.dll:dwmapi.dll (00007FF81DE50000), size: 192512 (result: 0), SymType: '-deferred-', PDB: '', fileVersion: 10.0.19041.5794
D:\utils\editor\2022.3.59f1c1\Editor\NativeProxyHelper.dll:NativeProxyHelper.dll (00007FFFC1370000), size: 1789952 (result: 0), SymType: '-deferred-', PDB: ''
C:\Windows\SYSTEM32\VERSION.dll:VERSION.dll (00007FF81E540000), size: 40960 (result: 0), SymType: '-deferred-', PDB: '', fileVersion: 10.0.19041.3636
C:\Windows\SYSTEM32\WSOCK32.dll:WSOCK32.dll (00007FF80FB60000), size: 36864 (result: 0), SymType: '-deferred-', PDB: '', fileVersion: 10.0.19041.1

========== OUTPUTTING STACK TRACE ==================

SymInit: Symbol-SearchPath: 'D:/utils/editor/2022.3.59f1c1/Editor/Data/Mono;.;D:\blog\unityproject\Tank;D:\blog\unityproject\Tank\Library\BurstCache\JIT;D:\utils\editor\2022.3.59f1c1\Editor;C:\Windows;C:\Windows\system32;', symOptions: 534, UserName: 'Administrator'
OS-Version: 10.0.0
